[main] INFO  com.hostelworld.stepDefinition.logtest  - Log4j appender configuration is successful !!
19/08/2019 02:16:27 com.hostelworld.stepDefinition.logtest Log4j appender configuration is successful !!
19/08/2019 02:22:42 seleniumTests.logFile Given entries in file :::
19/08/2019 02:22:42 seleniumTests.logFile 1=54
19/08/2019 02:22:42 seleniumTests.logFile 2=100
19/08/2019 02:22:42 seleniumTests.logFile 3=53
19/08/2019 02:22:42 seleniumTests.logFile 4=78	
19/08/2019 02:22:42 seleniumTests.logFile 5=71
19/08/2019 02:22:42 seleniumTests.logFile 6=65
19/08/2019 02:22:42 seleniumTests.logFile 7=625
19/08/2019 02:22:42 seleniumTests.logFile 8=87
19/08/2019 02:22:42 seleniumTests.logFile 9=81
19/08/2019 02:22:42 seleniumTests.logFile 10=91
19/08/2019 02:22:42 seleniumTests.logFile Errors in file:
19/08/2019 02:22:42 seleniumTests.logFile line number: 1  error:54 is less than 100
19/08/2019 02:22:42 seleniumTests.logFile line number: 6  error:65 is less than 100
19/08/2019 02:22:42 seleniumTests.logFile line number: 5  error:71 is less than 100
19/08/2019 02:22:42 seleniumTests.logFile line number: 4  error:78 is less than 100
19/08/2019 02:22:42 seleniumTests.logFile line number: 3  error:53 is less than 100
19/08/2019 02:22:42 seleniumTests.logFile line number :7  error: 625 is greater than 500
19/08/2019 02:22:42 seleniumTests.logFile line number: 9  error:81 is less than 100
19/08/2019 02:22:42 seleniumTests.logFile line number: 8  error:87 is less than 100
19/08/2019 02:22:42 seleniumTests.logFile line number: 10  error:91 is less than 100
