21/08/2019 22:53:08 com.hostelworld.utils.FileOperationsUtility Given entries in file :::
21/08/2019 22:53:08 com.hostelworld.utils.FileOperationsUtility 1=54
21/08/2019 22:53:08 com.hostelworld.utils.FileOperationsUtility 2=100
21/08/2019 22:53:08 com.hostelworld.utils.FileOperationsUtility 3=53
21/08/2019 22:53:08 com.hostelworld.utils.FileOperationsUtility 4=78	
21/08/2019 22:53:08 com.hostelworld.utils.FileOperationsUtility 5=71
21/08/2019 22:53:08 com.hostelworld.utils.FileOperationsUtility 6=65
21/08/2019 22:53:08 com.hostelworld.utils.FileOperationsUtility 7=625
21/08/2019 22:53:08 com.hostelworld.utils.FileOperationsUtility 8=87
21/08/2019 22:53:08 com.hostelworld.utils.FileOperationsUtility 9=81
21/08/2019 22:53:08 com.hostelworld.utils.FileOperationsUtility 10=91
21/08/2019 22:53:08 com.hostelworld.utils.FileOperationsUtility Errors in file:
21/08/2019 22:53:08 com.hostelworld.utils.FileOperationsUtility line number: 1  error:54 is less than 100
21/08/2019 22:53:08 com.hostelworld.utils.FileOperationsUtility line number: 6  error:65 is less than 100
21/08/2019 22:53:08 com.hostelworld.utils.FileOperationsUtility line number: 5  error:71 is less than 100
21/08/2019 22:53:08 com.hostelworld.utils.FileOperationsUtility line number: 4  error:78 is less than 100
21/08/2019 22:53:08 com.hostelworld.utils.FileOperationsUtility line number: 3  error:53 is less than 100
21/08/2019 22:53:08 com.hostelworld.utils.FileOperationsUtility line number :7  error: 625 is greater than 500
21/08/2019 22:53:08 com.hostelworld.utils.FileOperationsUtility line number: 9  error:81 is less than 100
21/08/2019 22:53:08 com.hostelworld.utils.FileOperationsUtility line number: 8  error:87 is less than 100
21/08/2019 22:53:08 com.hostelworld.utils.FileOperationsUtility line number: 10  error:91 is less than 100
21/08/2019 22:56:37 com.hostelworld.utils.FileOperationsUtility Given entries in file :::
21/08/2019 22:56:37 com.hostelworld.utils.FileOperationsUtility 1=54
21/08/2019 22:56:37 com.hostelworld.utils.FileOperationsUtility 2=100
21/08/2019 22:56:37 com.hostelworld.utils.FileOperationsUtility 3=53
21/08/2019 22:56:37 com.hostelworld.utils.FileOperationsUtility 4=78	
21/08/2019 22:56:37 com.hostelworld.utils.FileOperationsUtility 5=71
21/08/2019 22:56:37 com.hostelworld.utils.FileOperationsUtility 6=65
21/08/2019 22:56:37 com.hostelworld.utils.FileOperationsUtility 7=625
21/08/2019 22:56:37 com.hostelworld.utils.FileOperationsUtility 8=87
21/08/2019 22:56:37 com.hostelworld.utils.FileOperationsUtility 9=81
21/08/2019 22:56:37 com.hostelworld.utils.FileOperationsUtility 10=91
21/08/2019 22:56:37 com.hostelworld.utils.FileOperationsUtility Errors in file:
21/08/2019 22:56:37 com.hostelworld.utils.FileOperationsUtility line number: 1  error:54 is less than 100
21/08/2019 22:56:37 com.hostelworld.utils.FileOperationsUtility line number: 6  error:65 is less than 100
21/08/2019 22:56:37 com.hostelworld.utils.FileOperationsUtility line number: 5  error:71 is less than 100
21/08/2019 22:56:37 com.hostelworld.utils.FileOperationsUtility line number: 4  error:78 is less than 100
21/08/2019 22:56:37 com.hostelworld.utils.FileOperationsUtility line number: 3  error:53 is less than 100
21/08/2019 22:56:37 com.hostelworld.utils.FileOperationsUtility line number :7  error: 625 is greater than 500
21/08/2019 22:56:37 com.hostelworld.utils.FileOperationsUtility line number: 9  error:81 is less than 100
21/08/2019 22:56:37 com.hostelworld.utils.FileOperationsUtility line number: 8  error:87 is less than 100
21/08/2019 22:56:37 com.hostelworld.utils.FileOperationsUtility line number: 10  error:91 is less than 100
21/08/2019 22:57:05 com.hostelworld.utils.FileOperationsUtility Given entries in file :::
21/08/2019 22:57:05 com.hostelworld.utils.FileOperationsUtility 1=54
21/08/2019 22:57:05 com.hostelworld.utils.FileOperationsUtility 2=100
21/08/2019 22:57:05 com.hostelworld.utils.FileOperationsUtility 3=53
21/08/2019 22:57:05 com.hostelworld.utils.FileOperationsUtility 4=78	
21/08/2019 22:57:05 com.hostelworld.utils.FileOperationsUtility 5=71
21/08/2019 22:57:05 com.hostelworld.utils.FileOperationsUtility 6=65
21/08/2019 22:57:05 com.hostelworld.utils.FileOperationsUtility 7=625
21/08/2019 22:57:05 com.hostelworld.utils.FileOperationsUtility 8=87
21/08/2019 22:57:05 com.hostelworld.utils.FileOperationsUtility 9=81
21/08/2019 22:57:05 com.hostelworld.utils.FileOperationsUtility 10=91
21/08/2019 22:57:05 com.hostelworld.utils.FileOperationsUtility Errors in file:
21/08/2019 22:57:05 com.hostelworld.utils.FileOperationsUtility line number: 1  error:54 is less than 100
21/08/2019 22:57:05 com.hostelworld.utils.FileOperationsUtility line number: 6  error:65 is less than 100
21/08/2019 22:57:05 com.hostelworld.utils.FileOperationsUtility line number: 5  error:71 is less than 100
21/08/2019 22:57:05 com.hostelworld.utils.FileOperationsUtility line number: 4  error:78 is less than 100
21/08/2019 22:57:05 com.hostelworld.utils.FileOperationsUtility line number: 3  error:53 is less than 100
21/08/2019 22:57:05 com.hostelworld.utils.FileOperationsUtility line number :7  error: 625 is greater than 500
21/08/2019 22:57:05 com.hostelworld.utils.FileOperationsUtility line number: 9  error:81 is less than 100
21/08/2019 22:57:05 com.hostelworld.utils.FileOperationsUtility line number: 8  error:87 is less than 100
21/08/2019 22:57:05 com.hostelworld.utils.FileOperationsUtility line number: 10  error:91 is less than 100
21/08/2019 23:03:41 com.hostelworld.utils.FileOperationsUtility Given entries in file :::
21/08/2019 23:03:41 com.hostelworld.utils.FileOperationsUtility 1=54
21/08/2019 23:03:41 com.hostelworld.utils.FileOperationsUtility 2=100
21/08/2019 23:03:41 com.hostelworld.utils.FileOperationsUtility 3=53
21/08/2019 23:03:41 com.hostelworld.utils.FileOperationsUtility 4=78	
21/08/2019 23:03:41 com.hostelworld.utils.FileOperationsUtility 5=71
21/08/2019 23:03:41 com.hostelworld.utils.FileOperationsUtility 6=65
21/08/2019 23:03:41 com.hostelworld.utils.FileOperationsUtility 7=625
21/08/2019 23:03:41 com.hostelworld.utils.FileOperationsUtility 8=87
21/08/2019 23:03:41 com.hostelworld.utils.FileOperationsUtility 9=81
21/08/2019 23:03:41 com.hostelworld.utils.FileOperationsUtility 10=91
21/08/2019 23:03:41 com.hostelworld.utils.FileOperationsUtility Errors in file:
21/08/2019 23:03:41 com.hostelworld.utils.FileOperationsUtility line number: 1  error:54 is less than 100
21/08/2019 23:03:41 com.hostelworld.utils.FileOperationsUtility line number: 6  error:65 is less than 100
21/08/2019 23:03:41 com.hostelworld.utils.FileOperationsUtility line number: 5  error:71 is less than 100
21/08/2019 23:03:41 com.hostelworld.utils.FileOperationsUtility line number: 4  error:78 is less than 100
21/08/2019 23:03:41 com.hostelworld.utils.FileOperationsUtility line number: 3  error:53 is less than 100
21/08/2019 23:03:41 com.hostelworld.utils.FileOperationsUtility line number :7  error: 625 is greater than 500
21/08/2019 23:03:41 com.hostelworld.utils.FileOperationsUtility line number: 9  error:81 is less than 100
21/08/2019 23:03:41 com.hostelworld.utils.FileOperationsUtility line number: 8  error:87 is less than 100
21/08/2019 23:03:41 com.hostelworld.utils.FileOperationsUtility line number: 10  error:91 is less than 100
