23/08/2019 00:31:41 **********
23/08/2019 00:31:41 Starting Test
23/08/2019 00:31:41 File :C:\Ireland\Hostelworld/src/test/resources/testdata/Invalid.txt
23/08/2019 00:31:41 Upper limit (inclusive) is :500
23/08/2019 00:31:41 Lower limit (inclusive) is :100
23/08/2019 00:31:41 Test status is FAIL
23/08/2019 00:31:41 Errors in file:
23/08/2019 00:31:41 line number: 1  error:54 is less than 100
23/08/2019 00:31:41 line number: 6  error:65 is less than 100
23/08/2019 00:31:41 line number: 5  error:71 is less than 100
23/08/2019 00:31:41 line number: 4  error:78 is less than 100
23/08/2019 00:31:41 line number: 3  error:53 is less than 100
23/08/2019 00:31:41 line number :7  error: 625 is greater than 500
23/08/2019 00:31:41 line number: 9  error:81 is less than 100
23/08/2019 00:31:41 line number: 8  error:87 is less than 100
23/08/2019 00:31:41 line number: 10  error:91 is less than 100
23/08/2019 00:31:41 End of test
23/08/2019 00:31:41 **********
23/08/2019 00:31:41 Couldn't find template in cache for "Extent.ftl"("en_IN", UTF-8, parsed); will try to load it.
23/08/2019 00:31:41 TemplateLoader.findTemplateSource("Extent_en_IN.ftl"): Not found
23/08/2019 00:31:41 TemplateLoader.findTemplateSource("Extent_en.ftl"): Not found
23/08/2019 00:31:41 TemplateLoader.findTemplateSource("Extent.ftl"): Found
23/08/2019 00:31:41 Loading template for "Extent.ftl"("en_IN", UTF-8, parsed) from "jar:file:/C:/Users/Adsul/.m2/repository/com/relevantcodes/extentreports/2.41.2/extentreports-2.41.2.jar!/com/relevantcodes/extentreports/view/Extent.ftl"
